Smartface libraryManager is up and running...
ReadTask  transpiler
DISCONNECTED  transpiler
ReadTask  transpiler
ReadTask  transpiler
ReadTask  transpiler
DISCONNECTED  transpiler
Init  browser
ReadDone:  browser   681 B
ReadTask  transpiler
DISCONNECTED  transpiler
Watcher ..>  change  .  /home/ubuntu/workspace/.ui/library/dotIndicator.cpx
ReadDone:  browser   76.95 KB
Watcher ..>  add  .  /home/ubuntu/workspace/.ui/library/verticalDivider.cpx
ReadDone:  browser   76.95 KB
Watcher ..>  add  .  /home/ubuntu/workspace/.ui/library/hierachyfl.cpx
ReadDone:  browser   76.95 KB
Watcher ..>  add  .  /home/ubuntu/workspace/.ui/library/userSendLabel.cpx
ReadDone:  browser   76.95 KB
ReadTask  transpiler
DISCONNECTED  transpiler
ReadTask  transpiler
DISCONNECTED  transpiler
ReadTask  transpiler
DISCONNECTED  transpiler
ReadTask  transpiler
DISCONNECTED  transpiler
ReadTask  transpiler
DISCONNECTED  transpiler
ReadTask  transpiler
DISCONNECTED  transpiler
ReadTask  transpiler
DISCONNECTED  transpiler
Smartface libraryManager is up and running...
Init  browser
ReadDone:  browser   76.95 KB
ReadTask  transpiler
DISCONNECTED  transpiler
ReadTask  transpiler
DISCONNECTED  transpiler
ReadTask  transpiler
DISCONNECTED  transpiler
