{ Error: ENOENT: no such file or directory, scandir '/home/ubuntu/workspace/.ui/library'
    at Error (native)
  errno: -2,
  code: 'ENOENT',
  syscall: 'scandir',
  path: '/home/ubuntu/workspace/.ui/library' }
{ Error: ENOENT: no such file or directory, scandir '/home/ubuntu/workspace/.ui/library'
    at Error (native)
  errno: -2,
  code: 'ENOENT',
  syscall: 'scandir',
  path: '/home/ubuntu/workspace/.ui/library' }
{ Error: ENOENT: no such file or directory, scandir '/home/ubuntu/workspace/.ui/library'
    at Error (native)
  errno: -2,
  code: 'ENOENT',
  syscall: 'scandir',
  path: '/home/ubuntu/workspace/.ui/library' }
{ Error: ENOENT: no such file or directory, scandir '/home/ubuntu/workspace/.ui/library'
    at Error (native)
  errno: -2,
  code: 'ENOENT',
  syscall: 'scandir',
  path: '/home/ubuntu/workspace/.ui/library' }
