Specified filename /home/ubuntu/workspace/.smf/app.sfTranspiler does not exist.
SyntaxError: Unexpected token o in JSON at position 1
    at Object.parse (native)
    at Socket.<anonymous> (/home/ubuntu/.nvm/versions/node/v6.9.2/lib/node_modules/smartface-transpiler/src/watcherHandler.js:120:75)
    at emitOne (events.js:96:13)
    at Socket.emit (events.js:188:7)
    at readableAddChunk (_stream_readable.js:176:18)
    at Socket.Readable.push (_stream_readable.js:134:10)
    at Pipe.onread (net.js:548:20)
/home/ubuntu/workspace/.smf/app.sfTranspiler:
SyntaxError: Unexpected token o in JSON at position 1
    at Object.parse (native)
    at Socket.<anonymous> (/home/ubuntu/.nvm/versions/node/v6.9.2/lib/node_modules/smartface-transpiler/src/watcherHandler.js:120:75)
    at emitOne (events.js:96:13)
    at Socket.emit (events.js:188:7)
    at readableAddChunk (_stream_readable.js:176:18)
    at Socket.Readable.push (_stream_readable.js:134:10)
    at Pipe.onread (net.js:548:20)
/home/ubuntu/workspace/.smf/app.sfTranspiler:
/home/ubuntu/workspace/.smf/app.sfTranspiler:
/home/ubuntu/workspace/.smf/app.sfTranspiler:
/home/ubuntu/workspace/.smf/app.sfTranspiler:
/home/ubuntu/workspace/.smf/app.sfTranspiler:
/home/ubuntu/workspace/.smf/app.sfTranspiler:
├─ ️☠️ ──────────── LibraryManager Error  ──────────────────
├─ » 	 connect ECONNREFUSED /home/ubuntu/workspace/.smf/app.sfLibraryManager
/home/ubuntu/workspace/.smf/app.sfTranspiler:
